C:\USERS\ISHAN\DOCUMENTS\VISUAL STUDIO 2012\PROJECTS\SFML PLATFORMER\SFML PLATFORMER\DEBUG\VC110.PDB
C:\USERS\ISHAN\DOCUMENTS\VISUAL STUDIO 2012\PROJECTS\SFML PLATFORMER\SFML PLATFORMER\DEBUG\SFML PLATFORMER.PCH
C:\USERS\ISHAN\DOCUMENTS\VISUAL STUDIO 2012\PROJECTS\SFML PLATFORMER\SFML PLATFORMER\DEBUG\STDAFX.OBJ
C:\USERS\ISHAN\DOCUMENTS\VISUAL STUDIO 2012\PROJECTS\SFML PLATFORMER\SFML PLATFORMER\DEBUG\GAME.OBJ
C:\USERS\ISHAN\DOCUMENTS\VISUAL STUDIO 2012\PROJECTS\SFML PLATFORMER\SFML PLATFORMER\DEBUG\MAIN.OBJ
C:\USERS\ISHAN\DOCUMENTS\VISUAL STUDIO 2012\PROJECTS\SFML PLATFORMER\SFML PLATFORMER\DEBUG\FADE.OBJ
C:\USERS\ISHAN\DOCUMENTS\VISUAL STUDIO 2012\PROJECTS\SFML PLATFORMER\SFML PLATFORMER\DEBUG\GAMEOBJECT.OBJ
C:\USERS\ISHAN\DOCUMENTS\VISUAL STUDIO 2012\PROJECTS\SFML PLATFORMER\SFML PLATFORMER\DEBUG\DRAWABLEGAMEOBJECT.OBJ
C:\USERS\ISHAN\DOCUMENTS\VISUAL STUDIO 2012\PROJECTS\SFML PLATFORMER\DEBUG\SFML PLATFORMER.ILK
C:\USERS\ISHAN\DOCUMENTS\VISUAL STUDIO 2012\PROJECTS\SFML PLATFORMER\DEBUG\SFML PLATFORMER.EXE
C:\USERS\ISHAN\DOCUMENTS\VISUAL STUDIO 2012\PROJECTS\SFML PLATFORMER\DEBUG\SFML PLATFORMER.PDB
C:\Users\Ishan\Documents\Visual Studio 2012\Projects\SFML Platformer\SFML Platformer\Debug\DrawableGameObject.obj
C:\Users\Ishan\Documents\Visual Studio 2012\Projects\SFML Platformer\SFML Platformer\Debug\Fade.obj
C:\Users\Ishan\Documents\Visual Studio 2012\Projects\SFML Platformer\SFML Platformer\Debug\Game.obj
C:\Users\Ishan\Documents\Visual Studio 2012\Projects\SFML Platformer\SFML Platformer\Debug\GameObject.obj
C:\Users\Ishan\Documents\Visual Studio 2012\Projects\SFML Platformer\SFML Platformer\Debug\main.obj
C:\Users\Ishan\Documents\Visual Studio 2012\Projects\SFML Platformer\SFML Platformer\Debug\stdafx.obj
C:\Users\Ishan\Documents\Visual Studio 2012\Projects\SFML Platformer\SFML Platformer\Debug\cl.command.1.tlog
C:\Users\Ishan\Documents\Visual Studio 2012\Projects\SFML Platformer\SFML Platformer\Debug\CL.read.1.tlog
C:\Users\Ishan\Documents\Visual Studio 2012\Projects\SFML Platformer\SFML Platformer\Debug\CL.write.1.tlog
C:\Users\Ishan\Documents\Visual Studio 2012\Projects\SFML Platformer\SFML Platformer\Debug\link-cvtres.read.1.tlog
C:\Users\Ishan\Documents\Visual Studio 2012\Projects\SFML Platformer\SFML Platformer\Debug\link-cvtres.write.1.tlog
C:\Users\Ishan\Documents\Visual Studio 2012\Projects\SFML Platformer\SFML Platformer\Debug\link-rc.read.1.tlog
C:\Users\Ishan\Documents\Visual Studio 2012\Projects\SFML Platformer\SFML Platformer\Debug\link-rc.write.1.tlog
C:\Users\Ishan\Documents\Visual Studio 2012\Projects\SFML Platformer\SFML Platformer\Debug\link.115792-cvtres.read.1.tlog
C:\Users\Ishan\Documents\Visual Studio 2012\Projects\SFML Platformer\SFML Platformer\Debug\link.115792-cvtres.write.1.tlog
C:\Users\Ishan\Documents\Visual Studio 2012\Projects\SFML Platformer\SFML Platformer\Debug\link.115792-rc.read.1.tlog
C:\Users\Ishan\Documents\Visual Studio 2012\Projects\SFML Platformer\SFML Platformer\Debug\link.115792-rc.write.1.tlog
C:\Users\Ishan\Documents\Visual Studio 2012\Projects\SFML Platformer\SFML Platformer\Debug\link.115792.read.1.tlog
C:\Users\Ishan\Documents\Visual Studio 2012\Projects\SFML Platformer\SFML Platformer\Debug\link.115792.write.1.tlog
C:\Users\Ishan\Documents\Visual Studio 2012\Projects\SFML Platformer\SFML Platformer\Debug\link.130188-cvtres.read.1.tlog
C:\Users\Ishan\Documents\Visual Studio 2012\Projects\SFML Platformer\SFML Platformer\Debug\link.130188-cvtres.write.1.tlog
C:\Users\Ishan\Documents\Visual Studio 2012\Projects\SFML Platformer\SFML Platformer\Debug\link.130188-rc.read.1.tlog
C:\Users\Ishan\Documents\Visual Studio 2012\Projects\SFML Platformer\SFML Platformer\Debug\link.130188-rc.write.1.tlog
C:\Users\Ishan\Documents\Visual Studio 2012\Projects\SFML Platformer\SFML Platformer\Debug\link.130188.read.1.tlog
C:\Users\Ishan\Documents\Visual Studio 2012\Projects\SFML Platformer\SFML Platformer\Debug\link.130188.write.1.tlog
C:\Users\Ishan\Documents\Visual Studio 2012\Projects\SFML Platformer\SFML Platformer\Debug\link.180828-cvtres.read.1.tlog
C:\Users\Ishan\Documents\Visual Studio 2012\Projects\SFML Platformer\SFML Platformer\Debug\link.180828-cvtres.write.1.tlog
C:\Users\Ishan\Documents\Visual Studio 2012\Projects\SFML Platformer\SFML Platformer\Debug\link.180828-rc.read.1.tlog
C:\Users\Ishan\Documents\Visual Studio 2012\Projects\SFML Platformer\SFML Platformer\Debug\link.180828-rc.write.1.tlog
C:\Users\Ishan\Documents\Visual Studio 2012\Projects\SFML Platformer\SFML Platformer\Debug\link.180828.read.1.tlog
C:\Users\Ishan\Documents\Visual Studio 2012\Projects\SFML Platformer\SFML Platformer\Debug\link.180828.write.1.tlog
C:\Users\Ishan\Documents\Visual Studio 2012\Projects\SFML Platformer\SFML Platformer\Debug\link.186744-cvtres.read.1.tlog
C:\Users\Ishan\Documents\Visual Studio 2012\Projects\SFML Platformer\SFML Platformer\Debug\link.186744-cvtres.write.1.tlog
C:\Users\Ishan\Documents\Visual Studio 2012\Projects\SFML Platformer\SFML Platformer\Debug\link.186744-rc.read.1.tlog
C:\Users\Ishan\Documents\Visual Studio 2012\Projects\SFML Platformer\SFML Platformer\Debug\link.186744-rc.write.1.tlog
C:\Users\Ishan\Documents\Visual Studio 2012\Projects\SFML Platformer\SFML Platformer\Debug\link.186744.read.1.tlog
C:\Users\Ishan\Documents\Visual Studio 2012\Projects\SFML Platformer\SFML Platformer\Debug\link.186744.write.1.tlog
C:\Users\Ishan\Documents\Visual Studio 2012\Projects\SFML Platformer\SFML Platformer\Debug\link.187232-cvtres.read.1.tlog
C:\Users\Ishan\Documents\Visual Studio 2012\Projects\SFML Platformer\SFML Platformer\Debug\link.187232-cvtres.write.1.tlog
C:\Users\Ishan\Documents\Visual Studio 2012\Projects\SFML Platformer\SFML Platformer\Debug\link.187232-rc.read.1.tlog
C:\Users\Ishan\Documents\Visual Studio 2012\Projects\SFML Platformer\SFML Platformer\Debug\link.187232-rc.write.1.tlog
C:\Users\Ishan\Documents\Visual Studio 2012\Projects\SFML Platformer\SFML Platformer\Debug\link.187232.read.1.tlog
C:\Users\Ishan\Documents\Visual Studio 2012\Projects\SFML Platformer\SFML Platformer\Debug\link.187232.write.1.tlog
C:\Users\Ishan\Documents\Visual Studio 2012\Projects\SFML Platformer\SFML Platformer\Debug\link.187520-cvtres.read.1.tlog
C:\Users\Ishan\Documents\Visual Studio 2012\Projects\SFML Platformer\SFML Platformer\Debug\link.187520-cvtres.write.1.tlog
C:\Users\Ishan\Documents\Visual Studio 2012\Projects\SFML Platformer\SFML Platformer\Debug\link.187520-rc.read.1.tlog
C:\Users\Ishan\Documents\Visual Studio 2012\Projects\SFML Platformer\SFML Platformer\Debug\link.187520-rc.write.1.tlog
C:\Users\Ishan\Documents\Visual Studio 2012\Projects\SFML Platformer\SFML Platformer\Debug\link.187520.read.1.tlog
C:\Users\Ishan\Documents\Visual Studio 2012\Projects\SFML Platformer\SFML Platformer\Debug\link.187520.write.1.tlog
C:\Users\Ishan\Documents\Visual Studio 2012\Projects\SFML Platformer\SFML Platformer\Debug\link.187560-cvtres.read.1.tlog
C:\Users\Ishan\Documents\Visual Studio 2012\Projects\SFML Platformer\SFML Platformer\Debug\link.187560-cvtres.write.1.tlog
C:\Users\Ishan\Documents\Visual Studio 2012\Projects\SFML Platformer\SFML Platformer\Debug\link.187560-rc.read.1.tlog
C:\Users\Ishan\Documents\Visual Studio 2012\Projects\SFML Platformer\SFML Platformer\Debug\link.187560-rc.write.1.tlog
C:\Users\Ishan\Documents\Visual Studio 2012\Projects\SFML Platformer\SFML Platformer\Debug\link.187560.read.1.tlog
C:\Users\Ishan\Documents\Visual Studio 2012\Projects\SFML Platformer\SFML Platformer\Debug\link.187560.write.1.tlog
C:\Users\Ishan\Documents\Visual Studio 2012\Projects\SFML Platformer\SFML Platformer\Debug\link.188236-cvtres.read.1.tlog
C:\Users\Ishan\Documents\Visual Studio 2012\Projects\SFML Platformer\SFML Platformer\Debug\link.188236-cvtres.write.1.tlog
C:\Users\Ishan\Documents\Visual Studio 2012\Projects\SFML Platformer\SFML Platformer\Debug\link.188236-rc.read.1.tlog
C:\Users\Ishan\Documents\Visual Studio 2012\Projects\SFML Platformer\SFML Platformer\Debug\link.188236-rc.write.1.tlog
C:\Users\Ishan\Documents\Visual Studio 2012\Projects\SFML Platformer\SFML Platformer\Debug\link.188236.read.1.tlog
C:\Users\Ishan\Documents\Visual Studio 2012\Projects\SFML Platformer\SFML Platformer\Debug\link.188236.write.1.tlog
C:\Users\Ishan\Documents\Visual Studio 2012\Projects\SFML Platformer\SFML Platformer\Debug\link.66868-cvtres.read.1.tlog
C:\Users\Ishan\Documents\Visual Studio 2012\Projects\SFML Platformer\SFML Platformer\Debug\link.66868-cvtres.write.1.tlog
C:\Users\Ishan\Documents\Visual Studio 2012\Projects\SFML Platformer\SFML Platformer\Debug\link.66868-rc.read.1.tlog
C:\Users\Ishan\Documents\Visual Studio 2012\Projects\SFML Platformer\SFML Platformer\Debug\link.66868-rc.write.1.tlog
C:\Users\Ishan\Documents\Visual Studio 2012\Projects\SFML Platformer\SFML Platformer\Debug\link.66868.read.1.tlog
C:\Users\Ishan\Documents\Visual Studio 2012\Projects\SFML Platformer\SFML Platformer\Debug\link.66868.write.1.tlog
C:\Users\Ishan\Documents\Visual Studio 2012\Projects\SFML Platformer\SFML Platformer\Debug\link.77588-cvtres.read.1.tlog
C:\Users\Ishan\Documents\Visual Studio 2012\Projects\SFML Platformer\SFML Platformer\Debug\link.77588-cvtres.write.1.tlog
C:\Users\Ishan\Documents\Visual Studio 2012\Projects\SFML Platformer\SFML Platformer\Debug\link.77588-rc.read.1.tlog
C:\Users\Ishan\Documents\Visual Studio 2012\Projects\SFML Platformer\SFML Platformer\Debug\link.77588-rc.write.1.tlog
C:\Users\Ishan\Documents\Visual Studio 2012\Projects\SFML Platformer\SFML Platformer\Debug\link.77588.read.1.tlog
C:\Users\Ishan\Documents\Visual Studio 2012\Projects\SFML Platformer\SFML Platformer\Debug\link.77588.write.1.tlog
C:\Users\Ishan\Documents\Visual Studio 2012\Projects\SFML Platformer\SFML Platformer\Debug\link.82792-cvtres.read.1.tlog
C:\Users\Ishan\Documents\Visual Studio 2012\Projects\SFML Platformer\SFML Platformer\Debug\link.82792-cvtres.write.1.tlog
C:\Users\Ishan\Documents\Visual Studio 2012\Projects\SFML Platformer\SFML Platformer\Debug\link.82792-rc.read.1.tlog
C:\Users\Ishan\Documents\Visual Studio 2012\Projects\SFML Platformer\SFML Platformer\Debug\link.82792-rc.write.1.tlog
C:\Users\Ishan\Documents\Visual Studio 2012\Projects\SFML Platformer\SFML Platformer\Debug\link.82792.read.1.tlog
C:\Users\Ishan\Documents\Visual Studio 2012\Projects\SFML Platformer\SFML Platformer\Debug\link.82792.write.1.tlog
C:\Users\Ishan\Documents\Visual Studio 2012\Projects\SFML Platformer\SFML Platformer\Debug\link.99984-cvtres.read.1.tlog
C:\Users\Ishan\Documents\Visual Studio 2012\Projects\SFML Platformer\SFML Platformer\Debug\link.99984-cvtres.write.1.tlog
C:\Users\Ishan\Documents\Visual Studio 2012\Projects\SFML Platformer\SFML Platformer\Debug\link.99984-rc.read.1.tlog
C:\Users\Ishan\Documents\Visual Studio 2012\Projects\SFML Platformer\SFML Platformer\Debug\link.99984-rc.write.1.tlog
C:\Users\Ishan\Documents\Visual Studio 2012\Projects\SFML Platformer\SFML Platformer\Debug\link.99984.read.1.tlog
C:\Users\Ishan\Documents\Visual Studio 2012\Projects\SFML Platformer\SFML Platformer\Debug\link.99984.write.1.tlog
C:\Users\Ishan\Documents\Visual Studio 2012\Projects\SFML Platformer\SFML Platformer\Debug\link.command.1.tlog
C:\Users\Ishan\Documents\Visual Studio 2012\Projects\SFML Platformer\SFML Platformer\Debug\link.read.1.tlog
C:\Users\Ishan\Documents\Visual Studio 2012\Projects\SFML Platformer\SFML Platformer\Debug\link.write.1.tlog
C:\Users\Ishan\Documents\Visual Studio 2012\Projects\SFML Platformer\SFML Platformer\Debug\SFML Platformer.pch
C:\Users\Ishan\Documents\Visual Studio 2012\Projects\SFML Platformer\SFML Platformer\Debug\vc110.idb
C:\Users\Ishan\Documents\Visual Studio 2012\Projects\SFML Platformer\SFML Platformer\Debug\vc110.pdb
C:\Users\Ishan\Documents\Visual Studio 2012\Projects\SFML Platformer\Debug\SFML Platformer.pdb
C:\Users\Ishan\Documents\Visual Studio 2012\Projects\SFML Platformer\Debug\SFML Platformer.exe
C:\Users\Ishan\Documents\Visual Studio 2012\Projects\SFML Platformer\Debug\SFML Platformer.ilk
