Build started 3/27/2013 3:53:25 PM.
     1>Project "C:\Users\Ishan\Documents\GitHub\SFML-Platformer\SFML Platformer\SFML Platformer.vcxproj" on node 2 (Build target(s)).
     1>ClCompile:
         C:\Program Files (x86)\Microsoft Visual Studio 11.0\VC\bin\CL.exe /c /ZI /nologo /W3 /WX- /Od /Oy- /D WIN32 /D _DEBUG /D _CONSOLE /D _UNICODE /D UNICODE /Gm /EHsc /RTC1 /MDd /GS /fp:precise /Zc:wchar_t /Zc:forScope /Yu"stdafx.h" /Fp"Debug\SFML Platformer.pch" /Fo"Debug\\" /Fd"Debug\vc110.pdb" /Gd /TP /analyze- /errorReport:prompt Game.cpp Player.cpp
         Player.cpp
     1>c:\users\ishan\documents\github\sfml-platformer\sfml platformer\player.cpp(33): error C2679: binary '=' : no operator found which takes a right-hand operand of type 'sf::UdpSocket *' (or there is no acceptable conversion)
                 c:\program files (x86)\microsoft visual studio 11.0\vc\include\sfml\network\udpsocket.hpp(189): could be 'sf::UdpSocket &sf::UdpSocket::operator =(const sf::UdpSocket &)'
                 while trying to match the argument list '(sf::UdpSocket, sf::UdpSocket *)'
     1>c:\users\ishan\documents\github\sfml-platformer\sfml platformer\player.cpp(34): error C2819: type 'sf::UdpSocket' does not have an overloaded member 'operator ->'
                 c:\program files (x86)\microsoft visual studio 11.0\vc\include\sfml\network\udpsocket.hpp(45) : see declaration of 'sf::UdpSocket'
                 did you intend to use '.' instead?
     1>c:\users\ishan\documents\github\sfml-platformer\sfml platformer\player.cpp(34): error C2232: '->sf::Socket::setBlocking' : left operand has 'class' type, use '.'
     1>c:\users\ishan\documents\github\sfml-platformer\sfml platformer\player.cpp(36): error C2819: type 'sf::UdpSocket' does not have an overloaded member 'operator ->'
                 c:\program files (x86)\microsoft visual studio 11.0\vc\include\sfml\network\udpsocket.hpp(45) : see declaration of 'sf::UdpSocket'
                 did you intend to use '.' instead?
     1>c:\users\ishan\documents\github\sfml-platformer\sfml platformer\player.cpp(36): error C2232: '->sf::UdpSocket::bind' : left operand has 'class' type, use '.'
     1>c:\users\ishan\documents\github\sfml-platformer\sfml platformer\player.cpp(37): error C2819: type 'sf::UdpSocket' does not have an overloaded member 'operator ->'
                 c:\program files (x86)\microsoft visual studio 11.0\vc\include\sfml\network\udpsocket.hpp(45) : see declaration of 'sf::UdpSocket'
                 did you intend to use '.' instead?
     1>c:\users\ishan\documents\github\sfml-platformer\sfml platformer\player.cpp(37): error C2232: '->sf::UdpSocket::getLocalPort' : left operand has 'class' type, use '.'
     1>c:\users\ishan\documents\github\sfml-platformer\sfml platformer\player.cpp(40): error C2039: 'name' : is not a member of 'Player'
                 c:\users\ishan\documents\github\sfml-platformer\sfml platformer\player.h(10) : see declaration of 'Player'
     1>c:\users\ishan\documents\github\sfml-platformer\sfml platformer\player.cpp(40): error C3861: 'GetRandomName': identifier not found
     1>c:\users\ishan\documents\github\sfml-platformer\sfml platformer\player.cpp(44): error C2819: type 'sf::UdpSocket' does not have an overloaded member 'operator ->'
                 c:\program files (x86)\microsoft visual studio 11.0\vc\include\sfml\network\udpsocket.hpp(45) : see declaration of 'sf::UdpSocket'
                 did you intend to use '.' instead?
     1>c:\users\ishan\documents\github\sfml-platformer\sfml platformer\player.cpp(44): error C2232: '->sf::UdpSocket::send' : left operand has 'class' type, use '.'
     1>c:\users\ishan\documents\github\sfml-platformer\sfml platformer\player.cpp(53): error C2819: type 'sf::UdpSocket' does not have an overloaded member 'operator ->'
                 c:\program files (x86)\microsoft visual studio 11.0\vc\include\sfml\network\udpsocket.hpp(45) : see declaration of 'sf::UdpSocket'
                 did you intend to use '.' instead?
     1>c:\users\ishan\documents\github\sfml-platformer\sfml platformer\player.cpp(53): error C2232: '->sf::UdpSocket::receive' : left operand has 'class' type, use '.'
     1>c:\users\ishan\documents\github\sfml-platformer\sfml platformer\player.cpp(60): error C2819: type 'sf::UdpSocket' does not have an overloaded member 'operator ->'
                 c:\program files (x86)\microsoft visual studio 11.0\vc\include\sfml\network\udpsocket.hpp(45) : see declaration of 'sf::UdpSocket'
                 did you intend to use '.' instead?
     1>c:\users\ishan\documents\github\sfml-platformer\sfml platformer\player.cpp(60): error C2232: '->sf::UdpSocket::getLocalPort' : left operand has 'class' type, use '.'
     1>c:\users\ishan\documents\github\sfml-platformer\sfml platformer\player.cpp(62): error C2065: 'thread' : undeclared identifier
     1>c:\users\ishan\documents\github\sfml-platformer\sfml platformer\player.cpp(62): error C2061: syntax error : identifier 'thread'
     1>c:\users\ishan\documents\github\sfml-platformer\sfml platformer\player.cpp(69): error C2440: 'delete' : cannot convert from 'sf::UdpSocket' to 'void *'
                 No user-defined-conversion operator available that can perform this conversion, or the operator cannot be called
     1>c:\users\ishan\documents\github\sfml-platformer\sfml platformer\player.cpp(154): error C2065: 'name' : undeclared identifier
     1>c:\users\ishan\documents\github\sfml-platformer\sfml platformer\player.cpp(157): error C2819: type 'sf::UdpSocket' does not have an overloaded member 'operator ->'
                 c:\program files (x86)\microsoft visual studio 11.0\vc\include\sfml\network\udpsocket.hpp(45) : see declaration of 'sf::UdpSocket'
                 did you intend to use '.' instead?
     1>c:\users\ishan\documents\github\sfml-platformer\sfml platformer\player.cpp(157): error C2232: '->sf::UdpSocket::send' : left operand has 'class' type, use '.'
     1>c:\users\ishan\documents\github\sfml-platformer\sfml platformer\player.cpp(173): error C2819: type 'sf::UdpSocket' does not have an overloaded member 'operator ->'
                 c:\program files (x86)\microsoft visual studio 11.0\vc\include\sfml\network\udpsocket.hpp(45) : see declaration of 'sf::UdpSocket'
                 did you intend to use '.' instead?
     1>c:\users\ishan\documents\github\sfml-platformer\sfml platformer\player.cpp(173): error C2232: '->sf::UdpSocket::receive' : left operand has 'class' type, use '.'
     1>c:\users\ishan\documents\github\sfml-platformer\sfml platformer\player.cpp(182): error C2653: 'boost' : is not a class or namespace name
     1>c:\users\ishan\documents\github\sfml-platformer\sfml platformer\player.cpp(182): error C3861: 'split': identifier not found
     1>c:\users\ishan\documents\github\sfml-platformer\sfml platformer\player.cpp(182): error C3861: 'is_any_of': identifier not found
     1>c:\users\ishan\documents\github\sfml-platformer\sfml platformer\player.cpp(195): error C2039: 'AddNetworkedPlayer' : is not a member of 'Game'
                 c:\users\ishan\documents\github\sfml-platformer\sfml platformer\game.h(18) : see declaration of 'Game'
     1>c:\users\ishan\documents\github\sfml-platformer\sfml platformer\player.cpp(195): warning C4244: 'argument' : conversion from 'int' to 'float', possible loss of data
     1>c:\users\ishan\documents\github\sfml-platformer\sfml platformer\player.cpp(195): error C3861: 'AddNetworkedPlayer': identifier not found
     1>c:\users\ishan\documents\github\sfml-platformer\sfml platformer\player.cpp(201): error C2039: 'UpdateNetworkedPlayer' : is not a member of 'Game'
                 c:\users\ishan\documents\github\sfml-platformer\sfml platformer\game.h(18) : see declaration of 'Game'
     1>c:\users\ishan\documents\github\sfml-platformer\sfml platformer\player.cpp(201): error C3861: 'UpdateNetworkedPlayer': identifier not found
     1>c:\users\ishan\documents\github\sfml-platformer\sfml platformer\player.cpp(210): error C2039: 'GetRandomName' : is not a member of 'Player'
                 c:\users\ishan\documents\github\sfml-platformer\sfml platformer\player.h(10) : see declaration of 'Player'
     1>c:\users\ishan\documents\github\sfml-platformer\sfml platformer\player.cpp(232): error C2761: 'sf::UdpSocket Player::socket' : member function redeclaration not allowed
         Game.cpp
     1>c:\users\ishan\documents\github\sfml-platformer\sfml platformer\game.cpp(37): error C2065: 'IsFocused' : undeclared identifier
     1>c:\users\ishan\documents\github\sfml-platformer\sfml platformer\game.cpp(40): error C2065: 'IsFocused' : undeclared identifier
     1>c:\users\ishan\documents\github\sfml-platformer\sfml platformer\game.cpp(46): error C2065: 'IsFocused' : undeclared identifier
     1>c:\users\ishan\documents\github\sfml-platformer\sfml platformer\game.cpp(53): error C2065: 'IsFocused' : undeclared identifier
     1>c:\users\ishan\documents\github\sfml-platformer\sfml platformer\game.cpp(61): error C2065: 'networkedPlayers' : undeclared identifier
     1>c:\users\ishan\documents\github\sfml-platformer\sfml platformer\game.cpp(61): error C2228: left of '.begin' must have class/struct/union
                 type is ''unknown-type''
     1>c:\users\ishan\documents\github\sfml-platformer\sfml platformer\game.cpp(61): error C2228: left of '.end' must have class/struct/union
                 type is ''unknown-type''
     1>c:\users\ishan\documents\github\sfml-platformer\sfml platformer\game.cpp(72): error C2039: 'AddNetworkedPlayer' : is not a member of 'Game'
                 c:\users\ishan\documents\github\sfml-platformer\sfml platformer\game.h(18) : see declaration of 'Game'
     1>c:\users\ishan\documents\github\sfml-platformer\sfml platformer\game.cpp(75): error C2065: 'networkedPlayers' : undeclared identifier
     1>c:\users\ishan\documents\github\sfml-platformer\sfml platformer\game.cpp(79): error C2039: 'UpdateNetworkedPlayer' : is not a member of 'Game'
                 c:\users\ishan\documents\github\sfml-platformer\sfml platformer\game.h(18) : see declaration of 'Game'
     1>c:\users\ishan\documents\github\sfml-platformer\sfml platformer\game.cpp(82): error C2065: 'networkedPlayers' : undeclared identifier
     1>c:\users\ishan\documents\github\sfml-platformer\sfml platformer\game.cpp(82): error C2228: left of '.sprite' must have class/struct/union
     1>c:\users\ishan\documents\github\sfml-platformer\sfml platformer\game.cpp(82): error C2228: left of '.setPosition' must have class/struct/union
     1>c:\users\ishan\documents\github\sfml-platformer\sfml platformer\game.cpp(95): error C2039: 'networkedPlayers' : is not a member of 'Game'
                 c:\users\ishan\documents\github\sfml-platformer\sfml platformer\game.h(18) : see declaration of 'Game'
     1>c:\users\ishan\documents\github\sfml-platformer\sfml platformer\game.cpp(97): error C2039: 'IsFocused' : is not a member of 'Game'
                 c:\users\ishan\documents\github\sfml-platformer\sfml platformer\game.h(18) : see declaration of 'Game'
         Generating Code...
     1>Done Building Project "C:\Users\Ishan\Documents\GitHub\SFML-Platformer\SFML Platformer\SFML Platformer.vcxproj" (Build target(s)) -- FAILED.

Build FAILED.

Time Elapsed 00:00:00.24
